This file contains any messages produced by compilers while
running configure, to aid debugging if configure makes a mistake.

It was created by configure, which was
generated by GNU Autoconf 2.59.  Invocation command line was

  $ ./configure --prefix=/home/elbiazo/Documents/libafl_practice/fuzzing101_ex1/xpdf-3.02/../xpdf CC=afl-clang-lto CXX=afl-clang-lto++

## --------- ##
## Platform. ##
## --------- ##

hostname = sleepywood
uname -m = x86_64
uname -r = 5.13.0-28-generic
uname -s = Linux
uname -v = #31~20.04.1-Ubuntu SMP Wed Jan 19 14:08:10 UTC 2022

/usr/bin/uname -p = x86_64
/bin/uname -X     = unknown

/bin/arch              = x86_64
/usr/bin/arch -k       = unknown
/usr/convex/getsysinfo = unknown
hostinfo               = unknown
/bin/machine           = unknown
/usr/bin/oslevel       = unknown
/bin/universe          = unknown

PATH: /home/elbiazo/.cargo/bin
PATH: /home/elbiazo/.poetry/bin
PATH: /home/elbiazo/.local/bin
PATH: /home/elbiazo/.gem/bin/
PATH: /home/elbiazo/.gem/bin/
PATH: /home/elbiazo/.cargo/bin
PATH: /home/elbiazo/.poetry/bin
PATH: /home/elbiazo/.local/bin
PATH: /usr/local/sbin
PATH: /usr/local/bin
PATH: /usr/sbin
PATH: /usr/bin
PATH: /sbin
PATH: /bin
PATH: /usr/games
PATH: /usr/local/games
PATH: /snap/bin


## ----------- ##
## Core tests. ##
## ----------- ##

configure:1480: checking for gcc
configure:1506: result: afl-clang-lto
configure:1750: checking for C compiler version
configure:1753: afl-clang-lto --version </dev/null >&5
Ubuntu clang version 11.0.0-2~ubuntu20.04.1
Target: x86_64-pc-linux-gnu
Thread model: posix
InstalledDir: /usr/lib/llvm-11/bin
configure:1756: $? = 0
configure:1758: afl-clang-lto -v </dev/null >&5
Ubuntu clang version 11.0.0-2~ubuntu20.04.1
Target: x86_64-pc-linux-gnu
Thread model: posix
InstalledDir: /usr/lib/llvm-11/bin
Found candidate GCC installation: /usr/lib/gcc/x86_64-linux-gnu/9
Selected GCC installation: /usr/lib/gcc/x86_64-linux-gnu/9
Candidate multilib: .;@m64
Selected multilib: .;@m64
 "/usr/lib/llvm-11/bin/ld.lld" -z relro --hash-style=gnu --build-id --eh-frame-hdr -m elf_x86_64 -dynamic-linker /lib64/ld-linux-x86-64.so.2 -o a.out /usr/lib/gcc/x86_64-linux-gnu/9/../../../x86_64-linux-gnu/crt1.o /usr/lib/gcc/x86_64-linux-gnu/9/../../../x86_64-linux-gnu/crti.o /usr/lib/gcc/x86_64-linux-gnu/9/crtbegin.o -L/usr/lib/gcc/x86_64-linux-gnu/9 -L/usr/lib/gcc/x86_64-linux-gnu/9/../../../x86_64-linux-gnu -L/usr/lib/gcc/x86_64-linux-gnu/9/../../../../lib64 -L/lib/x86_64-linux-gnu -L/lib/../lib64 -L/usr/lib/x86_64-linux-gnu -L/usr/lib/../lib64 -L/usr/lib/x86_64-linux-gnu/../../lib64 -L/usr/lib/gcc/x86_64-linux-gnu/9/../../.. -L/usr/lib/llvm-11/bin/../lib -L/lib -L/usr/lib -plugin-opt=mcpu=x86-64 -plugin-opt=O3 --allow-multiple-definition -mllvm=-load=/usr/local/bin/../lib/afl//SanitizerCoverageLTO.so -lgcc --as-needed -lgcc_s --no-as-needed -lc -lgcc --as-needed -lgcc_s --no-as-needed /usr/lib/gcc/x86_64-linux-gnu/9/crtend.o /usr/lib/gcc/x86_64-linux-gnu/9/../../../x86_64-linux-gnu/crtn.o
ld.lld: error: undefined symbol: main
>>> referenced by /usr/lib/gcc/x86_64-linux-gnu/9/../../../x86_64-linux-gnu/crt1.o:(_start)
clang: error: linker command failed with exit code 1 (use -v to see invocation)
configure:1761: $? = 1
configure:1763: afl-clang-lto -V </dev/null >&5
clang: error: unsupported option '-V -g'
configure:1766: $? = 1
configure:1789: checking for C compiler default output file name
configure:1792: afl-clang-lto    conftest.c  >&5
configure:1795: $? = 0
configure:1841: result: a.out
configure:1846: checking whether the C compiler works
configure:1852: ./a.out
configure:1855: $? = 0
configure:1872: result: yes
configure:1879: checking whether we are cross compiling
configure:1881: result: no
configure:1884: checking for suffix of executables
configure:1886: afl-clang-lto -o conftest    conftest.c  >&5
configure:1889: $? = 0
configure:1914: result: 
configure:1920: checking for suffix of object files
configure:1941: afl-clang-lto -c   conftest.c >&5
configure:1944: $? = 0
configure:1966: result: o
configure:1970: checking whether we are using the GNU C compiler
configure:1994: afl-clang-lto -c   conftest.c >&5
configure:2000: $? = 0
configure:2004: test -z 
			 || test ! -s conftest.err
configure:2007: $? = 0
configure:2010: test -s conftest.o
configure:2013: $? = 0
configure:2026: result: yes
configure:2032: checking whether afl-clang-lto accepts -g
configure:2053: afl-clang-lto -c -g  conftest.c >&5
configure:2059: $? = 0
configure:2063: test -z 
			 || test ! -s conftest.err
configure:2066: $? = 0
configure:2069: test -s conftest.o
configure:2072: $? = 0
configure:2083: result: yes
configure:2100: checking for afl-clang-lto option to accept ANSI C
configure:2170: afl-clang-lto  -c -g -O2  conftest.c >&5
configure:2176: $? = 0
configure:2180: test -z 
			 || test ! -s conftest.err
configure:2183: $? = 0
configure:2186: test -s conftest.o
configure:2189: $? = 0
configure:2207: result: none needed
configure:2225: afl-clang-lto -c -g -O2  conftest.c >&5
conftest.c:2:3: error: unknown type name 'choke'
  choke me
  ^
conftest.c:2:11: error: expected ';' after top level declarator
  choke me
          ^
          ;
2 errors generated.
configure:2231: $? = 1
configure: failed program was:
| #ifndef __cplusplus
|   choke me
| #endif
configure:2365: checking for library containing strerror
configure:2395: afl-clang-lto -o conftest -g -O2   conftest.c  >&5
conftest.c:17:6: warning: incompatible redeclaration of library function 'strerror' [-Wincompatible-library-redeclaration]
char strerror ();
     ^
conftest.c:17:6: note: 'strerror' is a builtin with type 'char *(int)'
1 warning generated.
configure:2401: $? = 0
configure:2405: test -z 
			 || test ! -s conftest.err
configure:2408: $? = 0
configure:2411: test -s conftest
configure:2414: $? = 0
configure:2484: result: none required
configure:2589: checking for C++ compiler version
configure:2592: afl-clang-lto++ --version </dev/null >&5
Ubuntu clang version 11.0.0-2~ubuntu20.04.1
Target: x86_64-pc-linux-gnu
Thread model: posix
InstalledDir: /usr/lib/llvm-11/bin
configure:2595: $? = 0
configure:2597: afl-clang-lto++ -v </dev/null >&5
Ubuntu clang version 11.0.0-2~ubuntu20.04.1
Target: x86_64-pc-linux-gnu
Thread model: posix
InstalledDir: /usr/lib/llvm-11/bin
Found candidate GCC installation: /usr/lib/gcc/x86_64-linux-gnu/9
Selected GCC installation: /usr/lib/gcc/x86_64-linux-gnu/9
Candidate multilib: .;@m64
Selected multilib: .;@m64
 "/usr/lib/llvm-11/bin/ld.lld" -z relro --hash-style=gnu --build-id --eh-frame-hdr -m elf_x86_64 -dynamic-linker /lib64/ld-linux-x86-64.so.2 -o a.out /usr/lib/gcc/x86_64-linux-gnu/9/../../../x86_64-linux-gnu/crt1.o /usr/lib/gcc/x86_64-linux-gnu/9/../../../x86_64-linux-gnu/crti.o /usr/lib/gcc/x86_64-linux-gnu/9/crtbegin.o -L/usr/lib/gcc/x86_64-linux-gnu/9 -L/usr/lib/gcc/x86_64-linux-gnu/9/../../../x86_64-linux-gnu -L/usr/lib/gcc/x86_64-linux-gnu/9/../../../../lib64 -L/lib/x86_64-linux-gnu -L/lib/../lib64 -L/usr/lib/x86_64-linux-gnu -L/usr/lib/../lib64 -L/usr/lib/x86_64-linux-gnu/../../lib64 -L/usr/lib/gcc/x86_64-linux-gnu/9/../../.. -L/usr/lib/llvm-11/bin/../lib -L/lib -L/usr/lib -plugin-opt=mcpu=x86-64 -plugin-opt=O3 --allow-multiple-definition -mllvm=-load=/usr/local/bin/../lib/afl//SanitizerCoverageLTO.so -lstdc++ -lm -lgcc_s -lgcc -lc -lgcc_s -lgcc /usr/lib/gcc/x86_64-linux-gnu/9/crtend.o /usr/lib/gcc/x86_64-linux-gnu/9/../../../x86_64-linux-gnu/crtn.o
ld.lld: error: undefined symbol: main
>>> referenced by /usr/lib/gcc/x86_64-linux-gnu/9/../../../x86_64-linux-gnu/crt1.o:(_start)
clang: error: linker command failed with exit code 1 (use -v to see invocation)
configure:2600: $? = 1
configure:2602: afl-clang-lto++ -V </dev/null >&5
clang: error: unsupported option '-V -g'
configure:2605: $? = 1
configure:2608: checking whether we are using the GNU C++ compiler
configure:2632: afl-clang-lto++ -c   conftest.cc >&5
configure:2638: $? = 0
configure:2642: test -z 
			 || test ! -s conftest.err
configure:2645: $? = 0
configure:2648: test -s conftest.o
configure:2651: $? = 0
configure:2664: result: yes
configure:2670: checking whether afl-clang-lto++ accepts -g
configure:2691: afl-clang-lto++ -c -g  conftest.cc >&5
configure:2697: $? = 0
configure:2701: test -z 
			 || test ! -s conftest.err
configure:2704: $? = 0
configure:2707: test -s conftest.o
configure:2710: $? = 0
configure:2721: result: yes
configure:2763: afl-clang-lto++ -c -g -O2  conftest.cc >&5
configure:2769: $? = 0
configure:2773: test -z 
			 || test ! -s conftest.err
configure:2776: $? = 0
configure:2779: test -s conftest.o
configure:2782: $? = 0
configure:2808: afl-clang-lto++ -c -g -O2  conftest.cc >&5
conftest.cc:14:1: error: use of undeclared identifier 'exit'
exit (42);
^
1 error generated.
configure:2814: $? = 1
configure: failed program was:
| /* confdefs.h.  */
| 
| #define PACKAGE_NAME ""
| #define PACKAGE_TARNAME ""
| #define PACKAGE_VERSION ""
| #define PACKAGE_STRING ""
| #define PACKAGE_BUGREPORT ""
| #define SYSTEM_XPDFRC "/home/elbiazo/Documents/libafl_practice/fuzzing101_ex1/xpdf-3.02/../xpdf/etc/xpdfrc"
| /* end confdefs.h.  */
| 
| int
| main ()
| {
| exit (42);
|   ;
|   return 0;
| }
configure:2763: afl-clang-lto++ -c -g -O2  conftest.cc >&5
conftest.cc:10:17: error: use of undeclared identifier 'std'
extern "C" void std::exit (int) throw (); using std::exit;
                ^
conftest.cc:10:49: error: use of undeclared identifier 'std'
extern "C" void std::exit (int) throw (); using std::exit;
                                                ^
2 errors generated.
configure:2769: $? = 1
configure: failed program was:
| /* confdefs.h.  */
| 
| #define PACKAGE_NAME ""
| #define PACKAGE_TARNAME ""
| #define PACKAGE_VERSION ""
| #define PACKAGE_STRING ""
| #define PACKAGE_BUGREPORT ""
| #define SYSTEM_XPDFRC "/home/elbiazo/Documents/libafl_practice/fuzzing101_ex1/xpdf-3.02/../xpdf/etc/xpdfrc"
| /* end confdefs.h.  */
| extern "C" void std::exit (int) throw (); using std::exit;
| #include <stdlib.h>
| int
| main ()
| {
| exit (42);
|   ;
|   return 0;
| }
configure:2763: afl-clang-lto++ -c -g -O2  conftest.cc >&5
conftest.cc:10:17: error: use of undeclared identifier 'std'
extern "C" void std::exit (int); using std::exit;
                ^
conftest.cc:10:40: error: use of undeclared identifier 'std'
extern "C" void std::exit (int); using std::exit;
                                       ^
2 errors generated.
configure:2769: $? = 1
configure: failed program was:
| /* confdefs.h.  */
| 
| #define PACKAGE_NAME ""
| #define PACKAGE_TARNAME ""
| #define PACKAGE_VERSION ""
| #define PACKAGE_STRING ""
| #define PACKAGE_BUGREPORT ""
| #define SYSTEM_XPDFRC "/home/elbiazo/Documents/libafl_practice/fuzzing101_ex1/xpdf-3.02/../xpdf/etc/xpdfrc"
| /* end confdefs.h.  */
| extern "C" void std::exit (int); using std::exit;
| #include <stdlib.h>
| int
| main ()
| {
| exit (42);
|   ;
|   return 0;
| }
configure:2763: afl-clang-lto++ -c -g -O2  conftest.cc >&5
configure:2769: $? = 0
configure:2773: test -z 
			 || test ! -s conftest.err
configure:2776: $? = 0
configure:2779: test -s conftest.o
configure:2782: $? = 0
configure:2808: afl-clang-lto++ -c -g -O2  conftest.cc >&5
configure:2814: $? = 0
configure:2818: test -z 
			 || test ! -s conftest.err
configure:2821: $? = 0
configure:2824: test -s conftest.o
configure:2827: $? = 0
configure:2888: checking for a BSD-compatible install
configure:2943: result: /usr/bin/install -c
configure:2995: checking for ranlib
configure:3011: found /usr/bin/ranlib
configure:3022: result: ranlib
configure:3040: checking for OS/2 (with EMX)
configure:3061: afl-clang-lto -c -g -O2  conftest.c >&5
conftest.c:17:1: error: use of undeclared identifier '__EMX__'
__EMX__
^
1 error generated.
configure:3067: $? = 1
configure: failed program was:
| /* confdefs.h.  */
| 
| #define PACKAGE_NAME ""
| #define PACKAGE_TARNAME ""
| #define PACKAGE_VERSION ""
| #define PACKAGE_STRING ""
| #define PACKAGE_BUGREPORT ""
| #define SYSTEM_XPDFRC "/home/elbiazo/Documents/libafl_practice/fuzzing101_ex1/xpdf-3.02/../xpdf/etc/xpdfrc"
| #ifdef __cplusplus
| extern "C" void exit (int) throw ();
| #endif
| /* end confdefs.h.  */
| 
| int
| main ()
| {
| __EMX__
|   ;
|   return 0;
| }
configure:3091: result: no
configure:3099: checking for DOS (with DJGPP)
configure:3120: afl-clang-lto -c -g -O2  conftest.c >&5
conftest.c:17:1: error: use of undeclared identifier '__DJGPP__'
__DJGPP__
^
1 error generated.
configure:3126: $? = 1
configure: failed program was:
| /* confdefs.h.  */
| 
| #define PACKAGE_NAME ""
| #define PACKAGE_TARNAME ""
| #define PACKAGE_VERSION ""
| #define PACKAGE_STRING ""
| #define PACKAGE_BUGREPORT ""
| #define SYSTEM_XPDFRC "/home/elbiazo/Documents/libafl_practice/fuzzing101_ex1/xpdf-3.02/../xpdf/etc/xpdfrc"
| #ifdef __cplusplus
| extern "C" void exit (int) throw ();
| #endif
| /* end confdefs.h.  */
| 
| int
| main ()
| {
| __DJGPP__
|   ;
|   return 0;
| }
configure:3150: result: no
configure:3169: checking how to run the C preprocessor
configure:3204: afl-clang-lto -E  conftest.c
configure:3210: $? = 0
configure:3242: afl-clang-lto -E  conftest.c
conftest.c:13:10: fatal error: 'ac_nonexistent.h' file not found
#include <ac_nonexistent.h>
         ^~~~~~~~~~~~~~~~~~
1 error generated.
configure:3248: $? = 1
configure: failed program was:
| /* confdefs.h.  */
| 
| #define PACKAGE_NAME ""
| #define PACKAGE_TARNAME ""
| #define PACKAGE_VERSION ""
| #define PACKAGE_STRING ""
| #define PACKAGE_BUGREPORT ""
| #define SYSTEM_XPDFRC "/home/elbiazo/Documents/libafl_practice/fuzzing101_ex1/xpdf-3.02/../xpdf/etc/xpdfrc"
| #ifdef __cplusplus
| extern "C" void exit (int) throw ();
| #endif
| /* end confdefs.h.  */
| #include <ac_nonexistent.h>
configure:3287: result: afl-clang-lto -E
configure:3311: afl-clang-lto -E  conftest.c
configure:3317: $? = 0
configure:3349: afl-clang-lto -E  conftest.c
conftest.c:13:10: fatal error: 'ac_nonexistent.h' file not found
#include <ac_nonexistent.h>
         ^~~~~~~~~~~~~~~~~~
1 error generated.
configure:3355: $? = 1
configure: failed program was:
| /* confdefs.h.  */
| 
| #define PACKAGE_NAME ""
| #define PACKAGE_TARNAME ""
| #define PACKAGE_VERSION ""
| #define PACKAGE_STRING ""
| #define PACKAGE_BUGREPORT ""
| #define SYSTEM_XPDFRC "/home/elbiazo/Documents/libafl_practice/fuzzing101_ex1/xpdf-3.02/../xpdf/etc/xpdfrc"
| #ifdef __cplusplus
| extern "C" void exit (int) throw ();
| #endif
| /* end confdefs.h.  */
| #include <ac_nonexistent.h>
configure:3399: checking for X
configure:3504: afl-clang-lto -E  conftest.c
configure:3510: $? = 0
configure:3560: afl-clang-lto -o conftest -g -O2   conftest.c -lXt  >&5
configure:3566: $? = 0
configure:3570: test -z 
			 || test ! -s conftest.err
configure:3573: $? = 0
configure:3576: test -s conftest
configure:3579: $? = 0
configure:3629: result: libraries , headers 
configure:3801: afl-clang-lto -o conftest -g -O2   conftest.c   -lX11 >&5
configure:3807: $? = 0
configure:3811: test -z 
			 || test ! -s conftest.err
configure:3814: $? = 0
configure:3817: test -s conftest
configure:3820: $? = 0
configure:3978: checking for gethostbyname
configure:4035: afl-clang-lto -o conftest -g -O2   conftest.c  >&5
configure:4041: $? = 0
configure:4045: test -z 
			 || test ! -s conftest.err
configure:4048: $? = 0
configure:4051: test -s conftest
configure:4054: $? = 0
configure:4066: result: yes
configure:4217: checking for connect
configure:4274: afl-clang-lto -o conftest -g -O2   conftest.c  >&5
configure:4280: $? = 0
configure:4284: test -z 
			 || test ! -s conftest.err
configure:4287: $? = 0
configure:4290: test -s conftest
configure:4293: $? = 0
configure:4305: result: yes
configure:4380: checking for remove
configure:4437: afl-clang-lto -o conftest -g -O2   conftest.c  >&5
configure:4443: $? = 0
configure:4447: test -z 
			 || test ! -s conftest.err
configure:4450: $? = 0
configure:4453: test -s conftest
configure:4456: $? = 0
configure:4468: result: yes
configure:4543: checking for shmat
configure:4600: afl-clang-lto -o conftest -g -O2   conftest.c  >&5
configure:4606: $? = 0
configure:4610: test -z 
			 || test ! -s conftest.err
configure:4613: $? = 0
configure:4616: test -s conftest
configure:4619: $? = 0
configure:4631: result: yes
configure:4715: checking for IceConnectionNumber in -lICE
configure:4745: afl-clang-lto -o conftest -g -O2   conftest.c -lICE   >&5
configure:4751: $? = 0
configure:4755: test -z 
			 || test ! -s conftest.err
configure:4758: $? = 0
configure:4761: test -s conftest
configure:4764: $? = 0
configure:4777: result: yes
configure:4795: checking for dirent.h that defines DIR
configure:4819: afl-clang-lto -c -g -O2  conftest.c >&5
configure:4825: $? = 0
configure:4829: test -z 
			 || test ! -s conftest.err
configure:4832: $? = 0
configure:4835: test -s conftest.o
configure:4838: $? = 0
configure:4849: result: yes
configure:4862: checking for library containing opendir
configure:4892: afl-clang-lto -o conftest -g -O2   conftest.c  >&5
configure:4898: $? = 0
configure:4902: test -z 
			 || test ! -s conftest.err
configure:4905: $? = 0
configure:4908: test -s conftest
configure:4911: $? = 0
configure:4981: result: none required
configure:5126: checking for gethostbyname
configure:5214: result: yes
configure:5288: checking select() and fd_set in sys/select.h and sys/bsdtypes.h
configure:5310: afl-clang-lto++ -c -g -O2  conftest.cc >&5
configure:5316: $? = 0
configure:5320: test -z 
			 || test ! -s conftest.err
configure:5323: $? = 0
configure:5326: test -s conftest.o
configure:5329: $? = 0
configure:5340: result: not needed
configure:5465: checking FD_ZERO and strings.h or bstring.h
configure:5487: afl-clang-lto++ -c -g -O2  conftest.cc >&5
configure:5493: $? = 0
configure:5497: test -z 
			 || test ! -s conftest.err
configure:5500: $? = 0
configure:5503: test -s conftest.o
configure:5506: $? = 0
configure:5517: result: not needed
configure:5646: checking for rewinddir
configure:5703: afl-clang-lto++ -o conftest -g -O2   conftest.cc  >&5
configure:5709: $? = 0
configure:5713: test -z 
			 || test ! -s conftest.err
configure:5716: $? = 0
configure:5719: test -s conftest
configure:5722: $? = 0
configure:5734: result: yes
configure:5825: checking for popen
configure:5882: afl-clang-lto++ -o conftest -g -O2   conftest.cc  >&5
configure:5888: $? = 0
configure:5892: test -z 
			 || test ! -s conftest.err
configure:5895: $? = 0
configure:5898: test -s conftest
configure:5901: $? = 0
configure:5913: result: yes
configure:5923: checking for mkstemp
configure:5945: afl-clang-lto++ -o conftest -g -O2   conftest.cc  >&5
conftest.cc:21:9: warning: ISO C++11 does not allow conversion from string literal to 'char *' [-Wwritable-strings]
mkstemp("foo");
        ^
1 warning generated.
configure:5951: $? = 0
configure:5955: test -z 
			 || test ! -s conftest.err
configure:5958: $? = 0
configure:5961: test -s conftest
configure:5964: $? = 0
configure:5976: result: yes
configure:5984: checking for mkstemps
configure:6006: afl-clang-lto++ -o conftest -g -O2   conftest.cc  >&5
conftest.cc:22:10: warning: ISO C++11 does not allow conversion from string literal to 'char *' [-Wwritable-strings]
mkstemps("foo", 0);
         ^
1 warning generated.
configure:6012: $? = 0
configure:6016: test -z 
			 || test ! -s conftest.err
configure:6019: $? = 0
configure:6022: test -s conftest
configure:6025: $? = 0
configure:6037: result: yes
configure:6046: checking whether select takes fd_set arguments
configure:6073: afl-clang-lto++ -c -g -O2  conftest.cc >&5
configure:6079: $? = 0
configure:6083: test -z 
			 || test ! -s conftest.err
configure:6086: $? = 0
configure:6089: test -s conftest.o
configure:6092: $? = 0
configure:6103: result: yes
configure:6126: checking for special C compiler options needed for large files
configure:6225: result: no
configure:6231: checking for _FILE_OFFSET_BITS value needed for large files
configure:6262: afl-clang-lto -c -g -O2  conftest.c >&5
configure:6268: $? = 0
configure:6272: test -z 
			 || test ! -s conftest.err
configure:6275: $? = 0
configure:6278: test -s conftest.o
configure:6281: $? = 0
configure:6346: result: no
configure:6356: checking for _LARGE_FILES value needed for large files
configure:6387: afl-clang-lto -c -g -O2  conftest.c >&5
configure:6393: $? = 0
configure:6397: test -z 
			 || test ! -s conftest.err
configure:6400: $? = 0
configure:6403: test -s conftest.o
configure:6406: $? = 0
configure:6471: result: no
configure:6483: checking for _LARGEFILE_SOURCE value needed for large files
configure:6506: afl-clang-lto -c -g -O2  conftest.c >&5
conftest.c:22:9: warning: address of function 'fseeko' will always evaluate to 'true' [-Wpointer-bool-conversion]
return !fseeko;
       ~^~~~~~
conftest.c:22:9: note: prefix with the address-of operator to silence this warning
return !fseeko;
        ^
        &
1 warning generated.
configure:6512: $? = 0
configure:6516: test -z 
			 || test ! -s conftest.err
configure:6519: $? = 0
configure:6522: test -s conftest.o
configure:6525: $? = 0
configure:6582: result: no
configure:6596: checking for fseeko
configure:6617: afl-clang-lto -o conftest -g -O2   conftest.c  >&5
conftest.c:22:8: warning: address of function 'fseeko' will always evaluate to 'true' [-Wpointer-bool-conversion]
return fseeko && fseeko (stdin, 0, 0);
       ^~~~~~ ~~
conftest.c:22:8: note: prefix with the address-of operator to silence this warning
return fseeko && fseeko (stdin, 0, 0);
       ^
       &
1 warning generated.
configure:6623: $? = 0
configure:6627: test -z 
			 || test ! -s conftest.err
configure:6630: $? = 0
configure:6633: test -s conftest
configure:6636: $? = 0
configure:6648: result: yes
configure:6662: checking for fseek64
configure:6719: afl-clang-lto -o conftest -g -O2   conftest.c  >&5
configure:6725: $? = 0
configure:6729: test -z 
			 || test ! -s conftest.err
configure:6732: $? = 0
configure:6735: test -s conftest
configure:6738: $? = 0
configure:6750: result: yes
configure:6766: checking for ftell64
configure:6823: afl-clang-lto -o conftest -g -O2   conftest.c  >&5
configure:6829: $? = 0
configure:6833: test -z 
			 || test ! -s conftest.err
configure:6836: $? = 0
configure:6839: test -s conftest
configure:6842: $? = 0
configure:6854: result: yes
configure:6874: checking for egrep
configure:6884: result: grep -E
configure:6889: checking for ANSI C header files
configure:6914: afl-clang-lto -c -g -O2  conftest.c >&5
configure:6920: $? = 0
configure:6924: test -z 
			 || test ! -s conftest.err
configure:6927: $? = 0
configure:6930: test -s conftest.o
configure:6933: $? = 0
configure:7022: afl-clang-lto -o conftest -g -O2   conftest.c  >&5
conftest.c:39:7: warning: implicitly declaring library function 'exit' with type 'void (int) __attribute__((noreturn))' [-Wimplicit-function-declaration]
      exit(2);
      ^
conftest.c:39:7: note: include the header <stdlib.h> or explicitly provide a declaration for 'exit'
1 warning generated.
configure:7025: $? = 0
configure:7027: ./conftest
configure:7030: $? = 0
configure:7045: result: yes
configure:7069: checking for sys/types.h
configure:7085: afl-clang-lto -c -g -O2  conftest.c >&5
configure:7091: $? = 0
configure:7095: test -z 
			 || test ! -s conftest.err
configure:7098: $? = 0
configure:7101: test -s conftest.o
configure:7104: $? = 0
configure:7115: result: yes
configure:7069: checking for sys/stat.h
configure:7085: afl-clang-lto -c -g -O2  conftest.c >&5
configure:7091: $? = 0
configure:7095: test -z 
			 || test ! -s conftest.err
configure:7098: $? = 0
configure:7101: test -s conftest.o
configure:7104: $? = 0
configure:7115: result: yes
configure:7069: checking for stdlib.h
configure:7085: afl-clang-lto -c -g -O2  conftest.c >&5
configure:7091: $? = 0
configure:7095: test -z 
			 || test ! -s conftest.err
configure:7098: $? = 0
configure:7101: test -s conftest.o
configure:7104: $? = 0
configure:7115: result: yes
configure:7069: checking for string.h
configure:7085: afl-clang-lto -c -g -O2  conftest.c >&5
configure:7091: $? = 0
configure:7095: test -z 
			 || test ! -s conftest.err
configure:7098: $? = 0
configure:7101: test -s conftest.o
configure:7104: $? = 0
configure:7115: result: yes
configure:7069: checking for memory.h
configure:7085: afl-clang-lto -c -g -O2  conftest.c >&5
configure:7091: $? = 0
configure:7095: test -z 
			 || test ! -s conftest.err
configure:7098: $? = 0
configure:7101: test -s conftest.o
configure:7104: $? = 0
configure:7115: result: yes
configure:7069: checking for strings.h
configure:7085: afl-clang-lto -c -g -O2  conftest.c >&5
configure:7091: $? = 0
configure:7095: test -z 
			 || test ! -s conftest.err
configure:7098: $? = 0
configure:7101: test -s conftest.o
configure:7104: $? = 0
configure:7115: result: yes
configure:7069: checking for inttypes.h
configure:7085: afl-clang-lto -c -g -O2  conftest.c >&5
configure:7091: $? = 0
configure:7095: test -z 
			 || test ! -s conftest.err
configure:7098: $? = 0
configure:7101: test -s conftest.o
configure:7104: $? = 0
configure:7115: result: yes
configure:7069: checking for stdint.h
configure:7085: afl-clang-lto -c -g -O2  conftest.c >&5
configure:7091: $? = 0
configure:7095: test -z 
			 || test ! -s conftest.err
configure:7098: $? = 0
configure:7101: test -s conftest.o
configure:7104: $? = 0
configure:7115: result: yes
configure:7069: checking for unistd.h
configure:7085: afl-clang-lto -c -g -O2  conftest.c >&5
configure:7091: $? = 0
configure:7095: test -z 
			 || test ! -s conftest.err
configure:7098: $? = 0
configure:7101: test -s conftest.o
configure:7104: $? = 0
configure:7115: result: yes
configure:7151: checking whether to use Xpm library
configure:7158: result: maybe
configure:7209: checking where to find the Xpm header files
configure:7216: result: 
configure:7249: checking X11/xpm.h usability
configure:7261: afl-clang-lto -c -g -O2    conftest.c >&5
conftest.c:66:10: fatal error: 'X11/xpm.h' file not found
#include <X11/xpm.h>
         ^~~~~~~~~~~
1 error generated.
configure:7267: $? = 1
configure: failed program was:
| /* confdefs.h.  */
| 
| #define PACKAGE_NAME ""
| #define PACKAGE_TARNAME ""
| #define PACKAGE_VERSION ""
| #define PACKAGE_STRING ""
| #define PACKAGE_BUGREPORT ""
| #define SYSTEM_XPDFRC "/home/elbiazo/Documents/libafl_practice/fuzzing101_ex1/xpdf-3.02/../xpdf/etc/xpdfrc"
| #ifdef __cplusplus
| extern "C" void exit (int) throw ();
| #endif
| #define HAVE_DIRENT_H 1
| #define HAVE_REWINDDIR 1
| #define HAVE_POPEN 1
| #define HAVE_MKSTEMP 1
| #define HAVE_MKSTEMPS 1
| #define HAVE_FSEEKO 1
| #define HAVE_FSEEK64 1
| #define HAVE_FTELL64 1
| #define HAVE_FSEEK64 1
| #define STDC_HEADERS 1
| #define HAVE_SYS_TYPES_H 1
| #define HAVE_SYS_STAT_H 1
| #define HAVE_STDLIB_H 1
| #define HAVE_STRING_H 1
| #define HAVE_MEMORY_H 1
| #define HAVE_STRINGS_H 1
| #define HAVE_INTTYPES_H 1
| #define HAVE_STDINT_H 1
| #define HAVE_UNISTD_H 1
| /* end confdefs.h.  */
| #include <stdio.h>
| #if HAVE_SYS_TYPES_H
| # include <sys/types.h>
| #endif
| #if HAVE_SYS_STAT_H
| # include <sys/stat.h>
| #endif
| #if STDC_HEADERS
| # include <stdlib.h>
| # include <stddef.h>
| #else
| # if HAVE_STDLIB_H
| #  include <stdlib.h>
| # endif
| #endif
| #if HAVE_STRING_H
| # if !STDC_HEADERS && HAVE_MEMORY_H
| #  include <memory.h>
| # endif
| # include <string.h>
| #endif
| #if HAVE_STRINGS_H
| # include <strings.h>
| #endif
| #if HAVE_INTTYPES_H
| # include <inttypes.h>
| #else
| # if HAVE_STDINT_H
| #  include <stdint.h>
| # endif
| #endif
| #if HAVE_UNISTD_H
| # include <unistd.h>
| #endif
| #include <X11/xpm.h>
configure:7290: result: no
configure:7294: checking X11/xpm.h presence
configure:7304: afl-clang-lto -E    conftest.c
conftest.c:32:10: fatal error: 'X11/xpm.h' file not found
#include <X11/xpm.h>
         ^~~~~~~~~~~
1 error generated.
configure:7310: $? = 1
configure: failed program was:
| /* confdefs.h.  */
| 
| #define PACKAGE_NAME ""
| #define PACKAGE_TARNAME ""
| #define PACKAGE_VERSION ""
| #define PACKAGE_STRING ""
| #define PACKAGE_BUGREPORT ""
| #define SYSTEM_XPDFRC "/home/elbiazo/Documents/libafl_practice/fuzzing101_ex1/xpdf-3.02/../xpdf/etc/xpdfrc"
| #ifdef __cplusplus
| extern "C" void exit (int) throw ();
| #endif
| #define HAVE_DIRENT_H 1
| #define HAVE_REWINDDIR 1
| #define HAVE_POPEN 1
| #define HAVE_MKSTEMP 1
| #define HAVE_MKSTEMPS 1
| #define HAVE_FSEEKO 1
| #define HAVE_FSEEK64 1
| #define HAVE_FTELL64 1
| #define HAVE_FSEEK64 1
| #define STDC_HEADERS 1
| #define HAVE_SYS_TYPES_H 1
| #define HAVE_SYS_STAT_H 1
| #define HAVE_STDLIB_H 1
| #define HAVE_STRING_H 1
| #define HAVE_MEMORY_H 1
| #define HAVE_STRINGS_H 1
| #define HAVE_INTTYPES_H 1
| #define HAVE_STDINT_H 1
| #define HAVE_UNISTD_H 1
| /* end confdefs.h.  */
| #include <X11/xpm.h>
configure:7330: result: no
configure:7365: checking for X11/xpm.h
configure:7372: result: no
configure:7484: result: not using Xpm library
configure:7532: checking whether to use Xext library
configure:7539: result: maybe
configure:7590: checking where to find the Xext header files
configure:7597: result: 
configure:7630: checking X11/Xlib.h usability
configure:7642: afl-clang-lto -c -g -O2    conftest.c >&5
configure:7648: $? = 0
configure:7652: test -z 
			 || test ! -s conftest.err
configure:7655: $? = 0
configure:7658: test -s conftest.o
configure:7661: $? = 0
configure:7671: result: yes
configure:7675: checking X11/Xlib.h presence
configure:7685: afl-clang-lto -E    conftest.c
configure:7691: $? = 0
configure:7711: result: yes
configure:7746: checking for X11/Xlib.h
configure:7753: result: yes
configure:7785: checking for XextAddDisplay in -lXext
configure:7815: afl-clang-lto -o conftest -g -O2   conftest.c -lXext   -lXext   -lSM -lICE  -lX11  >&5
ld.lld: error: unable to find library -lXext
ld.lld: error: unable to find library -lXext
clang: error: linker command failed with exit code 1 (use -v to see invocation)
configure:7821: $? = 1
configure: failed program was:
| /* confdefs.h.  */
| 
| #define PACKAGE_NAME ""
| #define PACKAGE_TARNAME ""
| #define PACKAGE_VERSION ""
| #define PACKAGE_STRING ""
| #define PACKAGE_BUGREPORT ""
| #define SYSTEM_XPDFRC "/home/elbiazo/Documents/libafl_practice/fuzzing101_ex1/xpdf-3.02/../xpdf/etc/xpdfrc"
| #ifdef __cplusplus
| extern "C" void exit (int) throw ();
| #endif
| #define HAVE_DIRENT_H 1
| #define HAVE_REWINDDIR 1
| #define HAVE_POPEN 1
| #define HAVE_MKSTEMP 1
| #define HAVE_MKSTEMPS 1
| #define HAVE_FSEEKO 1
| #define HAVE_FSEEK64 1
| #define HAVE_FTELL64 1
| #define HAVE_FSEEK64 1
| #define STDC_HEADERS 1
| #define HAVE_SYS_TYPES_H 1
| #define HAVE_SYS_STAT_H 1
| #define HAVE_STDLIB_H 1
| #define HAVE_STRING_H 1
| #define HAVE_MEMORY_H 1
| #define HAVE_STRINGS_H 1
| #define HAVE_INTTYPES_H 1
| #define HAVE_STDINT_H 1
| #define HAVE_UNISTD_H 1
| #define HAVE_X11_XLIB_H 1
| /* end confdefs.h.  */
| 
| /* Override any gcc2 internal prototype to avoid an error.  */
| #ifdef __cplusplus
| extern "C"
| #endif
| /* We use char because int might match the return type of a gcc2
|    builtin and then its argument prototype would still apply.  */
| char XextAddDisplay ();
| int
| main ()
| {
| XextAddDisplay ();
|   ;
|   return 0;
| }
configure:7847: result: no
configure:7865: result: not using Xext library
configure:7910: checking whether to use Xp library
configure:7917: result: maybe
configure:7968: checking where to find the Xp header files
configure:7975: result: 
configure:8008: checking X11/extensions/Print.h usability
configure:8020: afl-clang-lto -c -g -O2    conftest.c >&5
conftest.c:67:10: fatal error: 'X11/extensions/Print.h' file not found
#include <X11/extensions/Print.h>
         ^~~~~~~~~~~~~~~~~~~~~~~~
1 error generated.
configure:8026: $? = 1
configure: failed program was:
| /* confdefs.h.  */
| 
| #define PACKAGE_NAME ""
| #define PACKAGE_TARNAME ""
| #define PACKAGE_VERSION ""
| #define PACKAGE_STRING ""
| #define PACKAGE_BUGREPORT ""
| #define SYSTEM_XPDFRC "/home/elbiazo/Documents/libafl_practice/fuzzing101_ex1/xpdf-3.02/../xpdf/etc/xpdfrc"
| #ifdef __cplusplus
| extern "C" void exit (int) throw ();
| #endif
| #define HAVE_DIRENT_H 1
| #define HAVE_REWINDDIR 1
| #define HAVE_POPEN 1
| #define HAVE_MKSTEMP 1
| #define HAVE_MKSTEMPS 1
| #define HAVE_FSEEKO 1
| #define HAVE_FSEEK64 1
| #define HAVE_FTELL64 1
| #define HAVE_FSEEK64 1
| #define STDC_HEADERS 1
| #define HAVE_SYS_TYPES_H 1
| #define HAVE_SYS_STAT_H 1
| #define HAVE_STDLIB_H 1
| #define HAVE_STRING_H 1
| #define HAVE_MEMORY_H 1
| #define HAVE_STRINGS_H 1
| #define HAVE_INTTYPES_H 1
| #define HAVE_STDINT_H 1
| #define HAVE_UNISTD_H 1
| #define HAVE_X11_XLIB_H 1
| /* end confdefs.h.  */
| #include <stdio.h>
| #if HAVE_SYS_TYPES_H
| # include <sys/types.h>
| #endif
| #if HAVE_SYS_STAT_H
| # include <sys/stat.h>
| #endif
| #if STDC_HEADERS
| # include <stdlib.h>
| # include <stddef.h>
| #else
| # if HAVE_STDLIB_H
| #  include <stdlib.h>
| # endif
| #endif
| #if HAVE_STRING_H
| # if !STDC_HEADERS && HAVE_MEMORY_H
| #  include <memory.h>
| # endif
| # include <string.h>
| #endif
| #if HAVE_STRINGS_H
| # include <strings.h>
| #endif
| #if HAVE_INTTYPES_H
| # include <inttypes.h>
| #else
| # if HAVE_STDINT_H
| #  include <stdint.h>
| # endif
| #endif
| #if HAVE_UNISTD_H
| # include <unistd.h>
| #endif
| #include <X11/extensions/Print.h>
configure:8049: result: no
configure:8053: checking X11/extensions/Print.h presence
configure:8063: afl-clang-lto -E    conftest.c
conftest.c:33:10: fatal error: 'X11/extensions/Print.h' file not found
#include <X11/extensions/Print.h>
         ^~~~~~~~~~~~~~~~~~~~~~~~
1 error generated.
configure:8069: $? = 1
configure: failed program was:
| /* confdefs.h.  */
| 
| #define PACKAGE_NAME ""
| #define PACKAGE_TARNAME ""
| #define PACKAGE_VERSION ""
| #define PACKAGE_STRING ""
| #define PACKAGE_BUGREPORT ""
| #define SYSTEM_XPDFRC "/home/elbiazo/Documents/libafl_practice/fuzzing101_ex1/xpdf-3.02/../xpdf/etc/xpdfrc"
| #ifdef __cplusplus
| extern "C" void exit (int) throw ();
| #endif
| #define HAVE_DIRENT_H 1
| #define HAVE_REWINDDIR 1
| #define HAVE_POPEN 1
| #define HAVE_MKSTEMP 1
| #define HAVE_MKSTEMPS 1
| #define HAVE_FSEEKO 1
| #define HAVE_FSEEK64 1
| #define HAVE_FTELL64 1
| #define HAVE_FSEEK64 1
| #define STDC_HEADERS 1
| #define HAVE_SYS_TYPES_H 1
| #define HAVE_SYS_STAT_H 1
| #define HAVE_STDLIB_H 1
| #define HAVE_STRING_H 1
| #define HAVE_MEMORY_H 1
| #define HAVE_STRINGS_H 1
| #define HAVE_INTTYPES_H 1
| #define HAVE_STDINT_H 1
| #define HAVE_UNISTD_H 1
| #define HAVE_X11_XLIB_H 1
| /* end confdefs.h.  */
| #include <X11/extensions/Print.h>
configure:8089: result: no
configure:8124: checking for X11/extensions/Print.h
configure:8131: result: no
configure:8243: result: not using Xp library
configure:8288: checking whether to use Xt library
configure:8295: result: maybe
configure:8346: checking where to find the Xt header files
configure:8353: result: 
configure:8386: checking X11/Intrinsic.h usability
configure:8398: afl-clang-lto -c -g -O2    conftest.c >&5
configure:8404: $? = 0
configure:8408: test -z 
			 || test ! -s conftest.err
configure:8411: $? = 0
configure:8414: test -s conftest.o
configure:8417: $? = 0
configure:8427: result: yes
configure:8431: checking X11/Intrinsic.h presence
configure:8441: afl-clang-lto -E    conftest.c
configure:8447: $? = 0
configure:8467: result: yes
configure:8502: checking for X11/Intrinsic.h
configure:8509: result: yes
configure:8541: checking for XtAppInitialize in -lXt
configure:8571: afl-clang-lto -o conftest -g -O2   conftest.c -lXt   -lXt   -lSM -lICE  -lX11  >&5
configure:8577: $? = 0
configure:8581: test -z 
			 || test ! -s conftest.err
configure:8584: $? = 0
configure:8587: test -s conftest
configure:8590: $? = 0
configure:8603: result: yes
configure:8614: result: using Xt library
configure:8666: checking whether to use Xm library
configure:8673: result: maybe
configure:8724: checking where to find the Xm header files
configure:8731: result: 
configure:8764: checking Xm/XmAll.h usability
configure:8776: afl-clang-lto -c -g -O2    conftest.c >&5
conftest.c:68:10: fatal error: 'Xm/XmAll.h' file not found
#include <Xm/XmAll.h>
         ^~~~~~~~~~~~
1 error generated.
configure:8782: $? = 1
configure: failed program was:
| /* confdefs.h.  */
| 
| #define PACKAGE_NAME ""
| #define PACKAGE_TARNAME ""
| #define PACKAGE_VERSION ""
| #define PACKAGE_STRING ""
| #define PACKAGE_BUGREPORT ""
| #define SYSTEM_XPDFRC "/home/elbiazo/Documents/libafl_practice/fuzzing101_ex1/xpdf-3.02/../xpdf/etc/xpdfrc"
| #ifdef __cplusplus
| extern "C" void exit (int) throw ();
| #endif
| #define HAVE_DIRENT_H 1
| #define HAVE_REWINDDIR 1
| #define HAVE_POPEN 1
| #define HAVE_MKSTEMP 1
| #define HAVE_MKSTEMPS 1
| #define HAVE_FSEEKO 1
| #define HAVE_FSEEK64 1
| #define HAVE_FTELL64 1
| #define HAVE_FSEEK64 1
| #define STDC_HEADERS 1
| #define HAVE_SYS_TYPES_H 1
| #define HAVE_SYS_STAT_H 1
| #define HAVE_STDLIB_H 1
| #define HAVE_STRING_H 1
| #define HAVE_MEMORY_H 1
| #define HAVE_STRINGS_H 1
| #define HAVE_INTTYPES_H 1
| #define HAVE_STDINT_H 1
| #define HAVE_UNISTD_H 1
| #define HAVE_X11_XLIB_H 1
| #define HAVE_X11_INTRINSIC_H 1
| /* end confdefs.h.  */
| #include <stdio.h>
| #if HAVE_SYS_TYPES_H
| # include <sys/types.h>
| #endif
| #if HAVE_SYS_STAT_H
| # include <sys/stat.h>
| #endif
| #if STDC_HEADERS
| # include <stdlib.h>
| # include <stddef.h>
| #else
| # if HAVE_STDLIB_H
| #  include <stdlib.h>
| # endif
| #endif
| #if HAVE_STRING_H
| # if !STDC_HEADERS && HAVE_MEMORY_H
| #  include <memory.h>
| # endif
| # include <string.h>
| #endif
| #if HAVE_STRINGS_H
| # include <strings.h>
| #endif
| #if HAVE_INTTYPES_H
| # include <inttypes.h>
| #else
| # if HAVE_STDINT_H
| #  include <stdint.h>
| # endif
| #endif
| #if HAVE_UNISTD_H
| # include <unistd.h>
| #endif
| #include <Xm/XmAll.h>
configure:8805: result: no
configure:8809: checking Xm/XmAll.h presence
configure:8819: afl-clang-lto -E    conftest.c
conftest.c:34:10: fatal error: 'Xm/XmAll.h' file not found
#include <Xm/XmAll.h>
         ^~~~~~~~~~~~
1 error generated.
configure:8825: $? = 1
configure: failed program was:
| /* confdefs.h.  */
| 
| #define PACKAGE_NAME ""
| #define PACKAGE_TARNAME ""
| #define PACKAGE_VERSION ""
| #define PACKAGE_STRING ""
| #define PACKAGE_BUGREPORT ""
| #define SYSTEM_XPDFRC "/home/elbiazo/Documents/libafl_practice/fuzzing101_ex1/xpdf-3.02/../xpdf/etc/xpdfrc"
| #ifdef __cplusplus
| extern "C" void exit (int) throw ();
| #endif
| #define HAVE_DIRENT_H 1
| #define HAVE_REWINDDIR 1
| #define HAVE_POPEN 1
| #define HAVE_MKSTEMP 1
| #define HAVE_MKSTEMPS 1
| #define HAVE_FSEEKO 1
| #define HAVE_FSEEK64 1
| #define HAVE_FTELL64 1
| #define HAVE_FSEEK64 1
| #define STDC_HEADERS 1
| #define HAVE_SYS_TYPES_H 1
| #define HAVE_SYS_STAT_H 1
| #define HAVE_STDLIB_H 1
| #define HAVE_STRING_H 1
| #define HAVE_MEMORY_H 1
| #define HAVE_STRINGS_H 1
| #define HAVE_INTTYPES_H 1
| #define HAVE_STDINT_H 1
| #define HAVE_UNISTD_H 1
| #define HAVE_X11_XLIB_H 1
| #define HAVE_X11_INTRINSIC_H 1
| /* end confdefs.h.  */
| #include <Xm/XmAll.h>
configure:8845: result: no
configure:8880: checking for Xm/XmAll.h
configure:8887: result: no
configure:8999: result: not using Xm library
configure:9044: checking whether to use Sgm library
configure:9051: result: maybe
configure:9102: checking where to find the Sgm header files
configure:9109: result: 
configure:9142: checking Sgm/HPanedW.h usability
configure:9154: afl-clang-lto -c -g -O2    conftest.c >&5
conftest.c:68:10: fatal error: 'Sgm/HPanedW.h' file not found
#include <Sgm/HPanedW.h>
         ^~~~~~~~~~~~~~~
1 error generated.
configure:9160: $? = 1
configure: failed program was:
| /* confdefs.h.  */
| 
| #define PACKAGE_NAME ""
| #define PACKAGE_TARNAME ""
| #define PACKAGE_VERSION ""
| #define PACKAGE_STRING ""
| #define PACKAGE_BUGREPORT ""
| #define SYSTEM_XPDFRC "/home/elbiazo/Documents/libafl_practice/fuzzing101_ex1/xpdf-3.02/../xpdf/etc/xpdfrc"
| #ifdef __cplusplus
| extern "C" void exit (int) throw ();
| #endif
| #define HAVE_DIRENT_H 1
| #define HAVE_REWINDDIR 1
| #define HAVE_POPEN 1
| #define HAVE_MKSTEMP 1
| #define HAVE_MKSTEMPS 1
| #define HAVE_FSEEKO 1
| #define HAVE_FSEEK64 1
| #define HAVE_FTELL64 1
| #define HAVE_FSEEK64 1
| #define STDC_HEADERS 1
| #define HAVE_SYS_TYPES_H 1
| #define HAVE_SYS_STAT_H 1
| #define HAVE_STDLIB_H 1
| #define HAVE_STRING_H 1
| #define HAVE_MEMORY_H 1
| #define HAVE_STRINGS_H 1
| #define HAVE_INTTYPES_H 1
| #define HAVE_STDINT_H 1
| #define HAVE_UNISTD_H 1
| #define HAVE_X11_XLIB_H 1
| #define HAVE_X11_INTRINSIC_H 1
| /* end confdefs.h.  */
| #include <stdio.h>
| #if HAVE_SYS_TYPES_H
| # include <sys/types.h>
| #endif
| #if HAVE_SYS_STAT_H
| # include <sys/stat.h>
| #endif
| #if STDC_HEADERS
| # include <stdlib.h>
| # include <stddef.h>
| #else
| # if HAVE_STDLIB_H
| #  include <stdlib.h>
| # endif
| #endif
| #if HAVE_STRING_H
| # if !STDC_HEADERS && HAVE_MEMORY_H
| #  include <memory.h>
| # endif
| # include <string.h>
| #endif
| #if HAVE_STRINGS_H
| # include <strings.h>
| #endif
| #if HAVE_INTTYPES_H
| # include <inttypes.h>
| #else
| # if HAVE_STDINT_H
| #  include <stdint.h>
| # endif
| #endif
| #if HAVE_UNISTD_H
| # include <unistd.h>
| #endif
| #include <Sgm/HPanedW.h>
configure:9183: result: no
configure:9187: checking Sgm/HPanedW.h presence
configure:9197: afl-clang-lto -E    conftest.c
conftest.c:34:10: fatal error: 'Sgm/HPanedW.h' file not found
#include <Sgm/HPanedW.h>
         ^~~~~~~~~~~~~~~
1 error generated.
configure:9203: $? = 1
configure: failed program was:
| /* confdefs.h.  */
| 
| #define PACKAGE_NAME ""
| #define PACKAGE_TARNAME ""
| #define PACKAGE_VERSION ""
| #define PACKAGE_STRING ""
| #define PACKAGE_BUGREPORT ""
| #define SYSTEM_XPDFRC "/home/elbiazo/Documents/libafl_practice/fuzzing101_ex1/xpdf-3.02/../xpdf/etc/xpdfrc"
| #ifdef __cplusplus
| extern "C" void exit (int) throw ();
| #endif
| #define HAVE_DIRENT_H 1
| #define HAVE_REWINDDIR 1
| #define HAVE_POPEN 1
| #define HAVE_MKSTEMP 1
| #define HAVE_MKSTEMPS 1
| #define HAVE_FSEEKO 1
| #define HAVE_FSEEK64 1
| #define HAVE_FTELL64 1
| #define HAVE_FSEEK64 1
| #define STDC_HEADERS 1
| #define HAVE_SYS_TYPES_H 1
| #define HAVE_SYS_STAT_H 1
| #define HAVE_STDLIB_H 1
| #define HAVE_STRING_H 1
| #define HAVE_MEMORY_H 1
| #define HAVE_STRINGS_H 1
| #define HAVE_INTTYPES_H 1
| #define HAVE_STDINT_H 1
| #define HAVE_UNISTD_H 1
| #define HAVE_X11_XLIB_H 1
| #define HAVE_X11_INTRINSIC_H 1
| /* end confdefs.h.  */
| #include <Sgm/HPanedW.h>
configure:9223: result: no
configure:9258: checking for Sgm/HPanedW.h
configure:9265: result: no
configure:9377: result: not using Sgm library
configure:9400: checking for XtAppSetExitFlag in -lXt
configure:9430: afl-clang-lto -o conftest -g -O2   conftest.c -lXt -lXt   -lSM -lICE    -lX11  >&5
configure:9436: $? = 0
configure:9440: test -z 
			 || test ! -s conftest.err
configure:9443: $? = 0
configure:9446: test -s conftest
configure:9449: $? = 0
configure:9462: result: yes
configure:9498: checking whether to use t1 library
configure:9505: result: maybe
configure:9556: checking where to find the t1 header files
configure:9563: result: 
configure:9596: checking t1lib.h usability
configure:9608: afl-clang-lto -c -g -O2    conftest.c >&5
conftest.c:69:10: fatal error: 't1lib.h' file not found
#include <t1lib.h>
         ^~~~~~~~~
1 error generated.
configure:9614: $? = 1
configure: failed program was:
| /* confdefs.h.  */
| 
| #define PACKAGE_NAME ""
| #define PACKAGE_TARNAME ""
| #define PACKAGE_VERSION ""
| #define PACKAGE_STRING ""
| #define PACKAGE_BUGREPORT ""
| #define SYSTEM_XPDFRC "/home/elbiazo/Documents/libafl_practice/fuzzing101_ex1/xpdf-3.02/../xpdf/etc/xpdfrc"
| #ifdef __cplusplus
| extern "C" void exit (int) throw ();
| #endif
| #define HAVE_DIRENT_H 1
| #define HAVE_REWINDDIR 1
| #define HAVE_POPEN 1
| #define HAVE_MKSTEMP 1
| #define HAVE_MKSTEMPS 1
| #define HAVE_FSEEKO 1
| #define HAVE_FSEEK64 1
| #define HAVE_FTELL64 1
| #define HAVE_FSEEK64 1
| #define STDC_HEADERS 1
| #define HAVE_SYS_TYPES_H 1
| #define HAVE_SYS_STAT_H 1
| #define HAVE_STDLIB_H 1
| #define HAVE_STRING_H 1
| #define HAVE_MEMORY_H 1
| #define HAVE_STRINGS_H 1
| #define HAVE_INTTYPES_H 1
| #define HAVE_STDINT_H 1
| #define HAVE_UNISTD_H 1
| #define HAVE_X11_XLIB_H 1
| #define HAVE_X11_INTRINSIC_H 1
| #define HAVE_XTAPPSETEXITFLAG 1
| /* end confdefs.h.  */
| #include <stdio.h>
| #if HAVE_SYS_TYPES_H
| # include <sys/types.h>
| #endif
| #if HAVE_SYS_STAT_H
| # include <sys/stat.h>
| #endif
| #if STDC_HEADERS
| # include <stdlib.h>
| # include <stddef.h>
| #else
| # if HAVE_STDLIB_H
| #  include <stdlib.h>
| # endif
| #endif
| #if HAVE_STRING_H
| # if !STDC_HEADERS && HAVE_MEMORY_H
| #  include <memory.h>
| # endif
| # include <string.h>
| #endif
| #if HAVE_STRINGS_H
| # include <strings.h>
| #endif
| #if HAVE_INTTYPES_H
| # include <inttypes.h>
| #else
| # if HAVE_STDINT_H
| #  include <stdint.h>
| # endif
| #endif
| #if HAVE_UNISTD_H
| # include <unistd.h>
| #endif
| #include <t1lib.h>
configure:9637: result: no
configure:9641: checking t1lib.h presence
configure:9651: afl-clang-lto -E    conftest.c
conftest.c:35:10: fatal error: 't1lib.h' file not found
#include <t1lib.h>
         ^~~~~~~~~
1 error generated.
configure:9657: $? = 1
configure: failed program was:
| /* confdefs.h.  */
| 
| #define PACKAGE_NAME ""
| #define PACKAGE_TARNAME ""
| #define PACKAGE_VERSION ""
| #define PACKAGE_STRING ""
| #define PACKAGE_BUGREPORT ""
| #define SYSTEM_XPDFRC "/home/elbiazo/Documents/libafl_practice/fuzzing101_ex1/xpdf-3.02/../xpdf/etc/xpdfrc"
| #ifdef __cplusplus
| extern "C" void exit (int) throw ();
| #endif
| #define HAVE_DIRENT_H 1
| #define HAVE_REWINDDIR 1
| #define HAVE_POPEN 1
| #define HAVE_MKSTEMP 1
| #define HAVE_MKSTEMPS 1
| #define HAVE_FSEEKO 1
| #define HAVE_FSEEK64 1
| #define HAVE_FTELL64 1
| #define HAVE_FSEEK64 1
| #define STDC_HEADERS 1
| #define HAVE_SYS_TYPES_H 1
| #define HAVE_SYS_STAT_H 1
| #define HAVE_STDLIB_H 1
| #define HAVE_STRING_H 1
| #define HAVE_MEMORY_H 1
| #define HAVE_STRINGS_H 1
| #define HAVE_INTTYPES_H 1
| #define HAVE_STDINT_H 1
| #define HAVE_UNISTD_H 1
| #define HAVE_X11_XLIB_H 1
| #define HAVE_X11_INTRINSIC_H 1
| #define HAVE_XTAPPSETEXITFLAG 1
| /* end confdefs.h.  */
| #include <t1lib.h>
configure:9677: result: no
configure:9712: checking for t1lib.h
configure:9719: result: no
configure:9831: result: not using t1 library
configure:9877: checking whether to use freetype2 library
configure:9884: result: maybe
configure:9935: checking where to find the freetype2 header files
configure:9942: result: 
configure:9975: checking ft2build.h usability
configure:9987: afl-clang-lto -c -g -O2    conftest.c >&5
conftest.c:69:10: fatal error: 'ft2build.h' file not found
#include <ft2build.h>
         ^~~~~~~~~~~~
1 error generated.
configure:9993: $? = 1
configure: failed program was:
| /* confdefs.h.  */
| 
| #define PACKAGE_NAME ""
| #define PACKAGE_TARNAME ""
| #define PACKAGE_VERSION ""
| #define PACKAGE_STRING ""
| #define PACKAGE_BUGREPORT ""
| #define SYSTEM_XPDFRC "/home/elbiazo/Documents/libafl_practice/fuzzing101_ex1/xpdf-3.02/../xpdf/etc/xpdfrc"
| #ifdef __cplusplus
| extern "C" void exit (int) throw ();
| #endif
| #define HAVE_DIRENT_H 1
| #define HAVE_REWINDDIR 1
| #define HAVE_POPEN 1
| #define HAVE_MKSTEMP 1
| #define HAVE_MKSTEMPS 1
| #define HAVE_FSEEKO 1
| #define HAVE_FSEEK64 1
| #define HAVE_FTELL64 1
| #define HAVE_FSEEK64 1
| #define STDC_HEADERS 1
| #define HAVE_SYS_TYPES_H 1
| #define HAVE_SYS_STAT_H 1
| #define HAVE_STDLIB_H 1
| #define HAVE_STRING_H 1
| #define HAVE_MEMORY_H 1
| #define HAVE_STRINGS_H 1
| #define HAVE_INTTYPES_H 1
| #define HAVE_STDINT_H 1
| #define HAVE_UNISTD_H 1
| #define HAVE_X11_XLIB_H 1
| #define HAVE_X11_INTRINSIC_H 1
| #define HAVE_XTAPPSETEXITFLAG 1
| /* end confdefs.h.  */
| #include <stdio.h>
| #if HAVE_SYS_TYPES_H
| # include <sys/types.h>
| #endif
| #if HAVE_SYS_STAT_H
| # include <sys/stat.h>
| #endif
| #if STDC_HEADERS
| # include <stdlib.h>
| # include <stddef.h>
| #else
| # if HAVE_STDLIB_H
| #  include <stdlib.h>
| # endif
| #endif
| #if HAVE_STRING_H
| # if !STDC_HEADERS && HAVE_MEMORY_H
| #  include <memory.h>
| # endif
| # include <string.h>
| #endif
| #if HAVE_STRINGS_H
| # include <strings.h>
| #endif
| #if HAVE_INTTYPES_H
| # include <inttypes.h>
| #else
| # if HAVE_STDINT_H
| #  include <stdint.h>
| # endif
| #endif
| #if HAVE_UNISTD_H
| # include <unistd.h>
| #endif
| #include <ft2build.h>
configure:10016: result: no
configure:10020: checking ft2build.h presence
configure:10030: afl-clang-lto -E    conftest.c
conftest.c:35:10: fatal error: 'ft2build.h' file not found
#include <ft2build.h>
         ^~~~~~~~~~~~
1 error generated.
configure:10036: $? = 1
configure: failed program was:
| /* confdefs.h.  */
| 
| #define PACKAGE_NAME ""
| #define PACKAGE_TARNAME ""
| #define PACKAGE_VERSION ""
| #define PACKAGE_STRING ""
| #define PACKAGE_BUGREPORT ""
| #define SYSTEM_XPDFRC "/home/elbiazo/Documents/libafl_practice/fuzzing101_ex1/xpdf-3.02/../xpdf/etc/xpdfrc"
| #ifdef __cplusplus
| extern "C" void exit (int) throw ();
| #endif
| #define HAVE_DIRENT_H 1
| #define HAVE_REWINDDIR 1
| #define HAVE_POPEN 1
| #define HAVE_MKSTEMP 1
| #define HAVE_MKSTEMPS 1
| #define HAVE_FSEEKO 1
| #define HAVE_FSEEK64 1
| #define HAVE_FTELL64 1
| #define HAVE_FSEEK64 1
| #define STDC_HEADERS 1
| #define HAVE_SYS_TYPES_H 1
| #define HAVE_SYS_STAT_H 1
| #define HAVE_STDLIB_H 1
| #define HAVE_STRING_H 1
| #define HAVE_MEMORY_H 1
| #define HAVE_STRINGS_H 1
| #define HAVE_INTTYPES_H 1
| #define HAVE_STDINT_H 1
| #define HAVE_UNISTD_H 1
| #define HAVE_X11_XLIB_H 1
| #define HAVE_X11_INTRINSIC_H 1
| #define HAVE_XTAPPSETEXITFLAG 1
| /* end confdefs.h.  */
| #include <ft2build.h>
configure:10056: result: no
configure:10091: checking for ft2build.h
configure:10098: result: no
configure:10210: result: not using freetype2 library
configure:10266: checking whether to use libpaper library
configure:10273: result: maybe
configure:10324: checking where to find the libpaper header files
configure:10331: result: 
configure:10364: checking paper.h usability
configure:10376: afl-clang-lto -c -g -O2    conftest.c >&5
conftest.c:69:10: fatal error: 'paper.h' file not found
#include <paper.h>
         ^~~~~~~~~
1 error generated.
configure:10382: $? = 1
configure: failed program was:
| /* confdefs.h.  */
| 
| #define PACKAGE_NAME ""
| #define PACKAGE_TARNAME ""
| #define PACKAGE_VERSION ""
| #define PACKAGE_STRING ""
| #define PACKAGE_BUGREPORT ""
| #define SYSTEM_XPDFRC "/home/elbiazo/Documents/libafl_practice/fuzzing101_ex1/xpdf-3.02/../xpdf/etc/xpdfrc"
| #ifdef __cplusplus
| extern "C" void exit (int) throw ();
| #endif
| #define HAVE_DIRENT_H 1
| #define HAVE_REWINDDIR 1
| #define HAVE_POPEN 1
| #define HAVE_MKSTEMP 1
| #define HAVE_MKSTEMPS 1
| #define HAVE_FSEEKO 1
| #define HAVE_FSEEK64 1
| #define HAVE_FTELL64 1
| #define HAVE_FSEEK64 1
| #define STDC_HEADERS 1
| #define HAVE_SYS_TYPES_H 1
| #define HAVE_SYS_STAT_H 1
| #define HAVE_STDLIB_H 1
| #define HAVE_STRING_H 1
| #define HAVE_MEMORY_H 1
| #define HAVE_STRINGS_H 1
| #define HAVE_INTTYPES_H 1
| #define HAVE_STDINT_H 1
| #define HAVE_UNISTD_H 1
| #define HAVE_X11_XLIB_H 1
| #define HAVE_X11_INTRINSIC_H 1
| #define HAVE_XTAPPSETEXITFLAG 1
| /* end confdefs.h.  */
| #include <stdio.h>
| #if HAVE_SYS_TYPES_H
| # include <sys/types.h>
| #endif
| #if HAVE_SYS_STAT_H
| # include <sys/stat.h>
| #endif
| #if STDC_HEADERS
| # include <stdlib.h>
| # include <stddef.h>
| #else
| # if HAVE_STDLIB_H
| #  include <stdlib.h>
| # endif
| #endif
| #if HAVE_STRING_H
| # if !STDC_HEADERS && HAVE_MEMORY_H
| #  include <memory.h>
| # endif
| # include <string.h>
| #endif
| #if HAVE_STRINGS_H
| # include <strings.h>
| #endif
| #if HAVE_INTTYPES_H
| # include <inttypes.h>
| #else
| # if HAVE_STDINT_H
| #  include <stdint.h>
| # endif
| #endif
| #if HAVE_UNISTD_H
| # include <unistd.h>
| #endif
| #include <paper.h>
configure:10405: result: no
configure:10409: checking paper.h presence
configure:10419: afl-clang-lto -E    conftest.c
conftest.c:35:10: fatal error: 'paper.h' file not found
#include <paper.h>
         ^~~~~~~~~
1 error generated.
configure:10425: $? = 1
configure: failed program was:
| /* confdefs.h.  */
| 
| #define PACKAGE_NAME ""
| #define PACKAGE_TARNAME ""
| #define PACKAGE_VERSION ""
| #define PACKAGE_STRING ""
| #define PACKAGE_BUGREPORT ""
| #define SYSTEM_XPDFRC "/home/elbiazo/Documents/libafl_practice/fuzzing101_ex1/xpdf-3.02/../xpdf/etc/xpdfrc"
| #ifdef __cplusplus
| extern "C" void exit (int) throw ();
| #endif
| #define HAVE_DIRENT_H 1
| #define HAVE_REWINDDIR 1
| #define HAVE_POPEN 1
| #define HAVE_MKSTEMP 1
| #define HAVE_MKSTEMPS 1
| #define HAVE_FSEEKO 1
| #define HAVE_FSEEK64 1
| #define HAVE_FTELL64 1
| #define HAVE_FSEEK64 1
| #define STDC_HEADERS 1
| #define HAVE_SYS_TYPES_H 1
| #define HAVE_SYS_STAT_H 1
| #define HAVE_STDLIB_H 1
| #define HAVE_STRING_H 1
| #define HAVE_MEMORY_H 1
| #define HAVE_STRINGS_H 1
| #define HAVE_INTTYPES_H 1
| #define HAVE_STDINT_H 1
| #define HAVE_UNISTD_H 1
| #define HAVE_X11_XLIB_H 1
| #define HAVE_X11_INTRINSIC_H 1
| #define HAVE_XTAPPSETEXITFLAG 1
| /* end confdefs.h.  */
| #include <paper.h>
configure:10445: result: no
configure:10480: checking for paper.h
configure:10487: result: no
configure:10599: result: not using libpaper library
configure:10727: creating ./config.status

## ---------------------- ##
## Running config.status. ##
## ---------------------- ##

This file was extended by config.status, which was
generated by GNU Autoconf 2.59.  Invocation command line was

  CONFIG_FILES    = 
  CONFIG_HEADERS  = 
  CONFIG_LINKS    = 
  CONFIG_COMMANDS = 
  $ ./config.status 

on sleepywood

config.status:672: creating Makefile
config.status:672: creating goo/Makefile
config.status:672: creating fofi/Makefile
config.status:672: creating splash/Makefile
config.status:672: creating xpdf/Makefile
config.status:776: creating aconf.h
configure:11792: WARNING: Couldn't find Motif
configure:11796: WARNING: Couldn't find FreeType
configure:11800: WARNING: -- You will be able to compile pdftops, pdftotext,
        pdfinfo, pdffonts, and pdfimages, but not xpdf or pdftoppm

## ---------------- ##
## Cache variables. ##
## ---------------- ##

ac_cv_c_compiler_gnu=yes
ac_cv_cxx_compiler_gnu=yes
ac_cv_env_CC_set=set
ac_cv_env_CC_value=afl-clang-lto
ac_cv_env_CFLAGS_set=
ac_cv_env_CFLAGS_value=
ac_cv_env_CPPFLAGS_set=
ac_cv_env_CPPFLAGS_value=
ac_cv_env_CPP_set=
ac_cv_env_CPP_value=
ac_cv_env_CXXFLAGS_set=
ac_cv_env_CXXFLAGS_value=
ac_cv_env_CXX_set=set
ac_cv_env_CXX_value=afl-clang-lto++
ac_cv_env_LDFLAGS_set=
ac_cv_env_LDFLAGS_value=
ac_cv_env_build_alias_set=
ac_cv_env_build_alias_value=
ac_cv_env_host_alias_set=
ac_cv_env_host_alias_value=
ac_cv_env_target_alias_set=
ac_cv_env_target_alias_value=
ac_cv_exeext=
ac_cv_func_connect=yes
ac_cv_func_fseek64=yes
ac_cv_func_fseeko=yes
ac_cv_func_ftell64=yes
ac_cv_func_gethostbyname=yes
ac_cv_func_popen=yes
ac_cv_func_remove=yes
ac_cv_func_rewinddir=yes
ac_cv_func_shmat=yes
ac_cv_have_x='have_x=yes 		ac_x_includes= ac_x_libraries='
ac_cv_header_Sgm_HPanedW_h=no
ac_cv_header_X11_Intrinsic_h=yes
ac_cv_header_X11_Xlib_h=yes
ac_cv_header_X11_extensions_Print_h=no
ac_cv_header_X11_xpm_h=no
ac_cv_header_Xm_XmAll_h=no
ac_cv_header_dirent_dirent_h=yes
ac_cv_header_ft2build_h=no
ac_cv_header_inttypes_h=yes
ac_cv_header_memory_h=yes
ac_cv_header_paper_h=no
ac_cv_header_stdc=yes
ac_cv_header_stdint_h=yes
ac_cv_header_stdlib_h=yes
ac_cv_header_string_h=yes
ac_cv_header_strings_h=yes
ac_cv_header_sys_stat_h=yes
ac_cv_header_sys_types_h=yes
ac_cv_header_t1lib_h=no
ac_cv_header_unistd_h=yes
ac_cv_lib_ICE_IceConnectionNumber=yes
ac_cv_lib_Xext_XextAddDisplay=no
ac_cv_lib_Xt_XtAppInitialize=yes
ac_cv_lib_Xt_XtAppSetExitFlag=yes
ac_cv_objext=o
ac_cv_path_install='/usr/bin/install -c'
ac_cv_prog_CPP='afl-clang-lto -E'
ac_cv_prog_ac_ct_CC=afl-clang-lto
ac_cv_prog_ac_ct_RANLIB=ranlib
ac_cv_prog_cc_g=yes
ac_cv_prog_cc_stdc=
ac_cv_prog_cxx_g=yes
ac_cv_prog_egrep='grep -E'
ac_cv_search_opendir='none required'
ac_cv_search_strerror='none required'
ac_cv_sys_file_offset_bits=no
ac_cv_sys_large_files=no
ac_cv_sys_largefile_CC=no
ac_cv_sys_largefile_source=no
smr_cv_with_Sgm_includes=
smr_cv_with_Sgm_library=maybe
smr_cv_with_Xext_includes=
smr_cv_with_Xext_library=maybe
smr_cv_with_Xm_includes=
smr_cv_with_Xm_library=maybe
smr_cv_with_Xp_includes=
smr_cv_with_Xp_library=maybe
smr_cv_with_Xpm_includes=
smr_cv_with_Xpm_library=maybe
smr_cv_with_Xt_includes=
smr_cv_with_Xt_library=maybe
smr_cv_with_freetype2_includes=
smr_cv_with_freetype2_library=maybe
smr_cv_with_libpaper_includes=
smr_cv_with_libpaper_library=maybe
smr_cv_with_t1_includes=
smr_cv_with_t1_library=maybe
xpdf_cv_func_fseek64=yes
xpdf_cv_func_ftell64=yes
xpdf_cv_func_mkstemp=yes
xpdf_cv_func_mkstemps=yes
xpdf_cv_func_select_arg=yes
xpdf_cv_sys_dos=no
xpdf_cv_sys_os2=no

## ----------------- ##
## Output variables. ##
## ----------------- ##

AR='ar rc'
CC='afl-clang-lto'
CFLAGS='-g -O2'
CPP='afl-clang-lto -E'
CPPFLAGS=''
CXX='afl-clang-lto++'
CXXFLAGS='-g -O2'
DEFS='-DHAVE_CONFIG_H'
ECHO_C=''
ECHO_N='-n'
ECHO_T=''
EGREP='grep -E'
EXE=''
EXEEXT=''
INSTALL_DATA='${INSTALL} -m 644'
INSTALL_PROGRAM='${INSTALL}'
INSTALL_SCRIPT='${INSTALL}'
LDFLAGS=''
LIBOBJS=''
LIBPREFIX='lib'
LIBS=''
LTLIBOBJS=''
OBJEXT='o'
PACKAGE_BUGREPORT=''
PACKAGE_NAME=''
PACKAGE_STRING=''
PACKAGE_TARNAME=''
PACKAGE_VERSION=''
PATH_SEPARATOR=':'
RANLIB='ranlib'
SHELL='/bin/bash'
Sgm_CFLAGS=''
Sgm_LIBS=''
UP_DIR=''
X='#'
XPDF_TARGET='all-no-x'
X_CFLAGS=''
X_EXTRA_LIBS=''
X_LIBS=''
X_PRE_LIBS=' -lSM -lICE'
Xext_CFLAGS=''
Xext_LIBS=''
Xm_CFLAGS=''
Xm_LIBS=''
Xp_CFLAGS=''
Xp_LIBS=''
Xpm_CFLAGS=''
Xpm_LIBS=''
Xt_CFLAGS=''
Xt_LIBS='-lXt'
ac_ct_CC='afl-clang-lto'
ac_ct_CXX=''
ac_ct_RANLIB='ranlib'
bindir='${exec_prefix}/bin'
build_alias=''
datadir='${prefix}/share'
exec_prefix='${prefix}'
freetype2_CFLAGS=''
freetype2_LIBS=''
host_alias=''
includedir='${prefix}/include'
infodir='${prefix}/info'
libdir='${exec_prefix}/lib'
libexecdir='${exec_prefix}/libexec'
libpaper_CFLAGS=''
libpaper_LIBS=''
localstatedir='${prefix}/var'
mandir='${prefix}/man'
oldincludedir='/usr/include'
prefix='/home/elbiazo/Documents/libafl_practice/fuzzing101_ex1/xpdf-3.02/../xpdf'
program_transform_name='s,x,x,'
sbindir='${exec_prefix}/sbin'
sharedstatedir='${prefix}/com'
sysconfdir='${prefix}/etc'
t1_CFLAGS=''
t1_LIBS=''
target_alias=''

## ----------- ##
## confdefs.h. ##
## ----------- ##

#define HAVE_DIRENT_H 1
#define HAVE_FSEEK64 1
#define HAVE_FSEEK64 1
#define HAVE_FSEEKO 1
#define HAVE_FTELL64 1
#define HAVE_INTTYPES_H 1
#define HAVE_MEMORY_H 1
#define HAVE_MKSTEMP 1
#define HAVE_MKSTEMPS 1
#define HAVE_POPEN 1
#define HAVE_REWINDDIR 1
#define HAVE_STDINT_H 1
#define HAVE_STDLIB_H 1
#define HAVE_STRINGS_H 1
#define HAVE_STRING_H 1
#define HAVE_SYS_STAT_H 1
#define HAVE_SYS_TYPES_H 1
#define HAVE_UNISTD_H 1
#define HAVE_X11_INTRINSIC_H 1
#define HAVE_X11_XLIB_H 1
#define HAVE_XTAPPSETEXITFLAG 1
#define PACKAGE_BUGREPORT ""
#define PACKAGE_NAME ""
#define PACKAGE_STRING ""
#define PACKAGE_TARNAME ""
#define PACKAGE_VERSION ""
#define STDC_HEADERS 1
#define SYSTEM_XPDFRC "/home/elbiazo/Documents/libafl_practice/fuzzing101_ex1/xpdf-3.02/../xpdf/etc/xpdfrc"
#endif
#ifdef __cplusplus
extern "C" void exit (int) throw ();

configure: exit 0
